{"level":"info","message":"✅ Servidor iniciado en http://localhost:3000"}
{"level":"info","message":"✅ Servidor iniciado en http://localhost:3000"}
{"level":"info","message":"✅ Servidor iniciado en http://localhost:3000"}
{"level":"info","message":"✅ Servidor iniciado en http://localhost:3000"}
{"level":"info","message":"✅ Servidor iniciado en http://localhost:3000"}
{"level":"info","message":"✅ Servidor iniciado en http://localhost:3000"}
{"level":"info","message":"📨 Enviando correo de confirmación a carlos-boada14@hotmail.com"}
{"level":"warn","message":"🚫 Ruta no encontrada: GET /api/resend-confirmation"}
{"level":"warn","message":"🚫 Ruta no encontrada: GET /favicon.ico"}
{"level":"info","message":"📨 Enviando correo de confirmación a carlos-boada14@hotmail.com"}
{"level":"info","message":"✅ Login exitoso: carlos-boada14@hotmail.com"}
{"level":"warn","message":"🚫 Ruta no encontrada: GET /api/resend-confirmation"}
{"level":"warn","message":"🚫 Ruta no encontrada: GET /api/resend-confirmation"}
{"level":"warn","message":"🚫 Ruta no encontrada: GET /api/resend-confirmation"}
{"level":"warn","message":"🚫 Ruta no encontrada: GET /api/resend-confirmation"}
{"level":"info","message":"✅ Servidor iniciado en http://localhost:3000"}
{"level":"info","message":"✅ Servidor iniciado en http://localhost:3000"}
{"level":"info","message":"✅ Servidor iniciado en http://localhost:3000"}
{"level":"info","message":"✅ Servidor iniciado en http://localhost:3000"}
{"level":"info","message":"✅ Servidor iniciado en http://localhost:3000"}
{"level":"info","message":"✅ Servidor iniciado en http://localhost:3000"}
{"level":"info","message":"✅ Servidor iniciado en http://localhost:3000"}
{"level":"info","message":"✅ Servidor iniciado en http://localhost:3000"}
{"level":"info","message":"✅ Servidor iniciado en http://localhost:3000"}
{"level":"info","message":"✅ Servidor iniciado en http://localhost:3000"}
{"level":"info","message":"✅ Servidor iniciado en http://localhost:3000"}
{"level":"info","message":"✅ Servidor iniciado en http://localhost:3000"}
{"level":"info","message":"✅ Servidor iniciado en http://localhost:3000"}
{"level":"info","message":"✅ Servidor iniciado en http://localhost:3000"}
{"level":"info","message":"✅ Servidor iniciado en http://localhost:3000"}
{"level":"info","message":"📨 Enviando correo de confirmación a carlos-boada14@hotmail.com"}
{"level":"info","message":"✅ Servidor iniciado en http://localhost:3000"}
{"level":"info","message":"✅ Servidor iniciado en http://localhost:3000"}
{"level":"info","message":"✅ Servidor iniciado en http://localhost:3000"}
{"level":"info","message":"✅ Servidor iniciado en http://localhost:3000"}
{"level":"info","message":"✅ Servidor iniciado en http://localhost:3000"}
